2 20 298 2 1 6 11 2.99698e+08 1.51444e+08
3 20 298 1 1 5 11 2.99698e+08 1.51444e+08
4 20 298 2 2 5 12 2.99698e+08 1.51444e+08
5 20 310 1 1 5 12 2.99448e+08 1.49718e+08
6 20 323 1 1 5 13 3.01924e+08 1.50969e+08
7 20 323 1 1 5 13 3.01924e+08 1.50969e+08
8 20 323 2 1 5 13 3.01924e+08 1.50969e+08
9 20 323 2 1 4 13 3.01924e+08 1.50969e+08
10 18 336 2 1 4 13 3.03971e+08 1.42537e+08
11 18 336 2 1 3 13 3.03971e+08 1.42537e+08
12 18 336 2 1 3 13 3.03971e+08 1.42537e+08
13 18 336 2 1 3 13 3.03971e+08 1.42537e+08
14 18 336 2 1 3 13 3.03971e+08 1.42537e+08
15 18 336 2 1 3 12 3.03971e+08 1.42537e+08
16 18 336 2 1 3 11 3.03971e+08 1.42537e+08
17 18 336 2 1 3 11 3.03971e+08 1.42537e+08
18 18 336 2 1 3 11 3.03971e+08 1.42537e+08
19 18 336 2 2 3 11 3.03971e+08 1.42537e+08
20 18 336 2 2 2 10 3.03971e+08 1.42537e+08
21 18 336 2 2 1 9 3.03971e+08 1.42537e+08
22 18 336 1 1 1 8 3.03971e+08 1.42537e+08
23 18 336 1 1 1 8 3.03971e+08 1.42537e+08
24 18 336 1 1 1 8 3.03971e+08 1.42537e+08
25 18 336 1 1 1 7 3.03971e+08 1.42537e+08
26 18 336 1 1 1 8 3.03971e+08 1.42537e+08
27 18 336 1 2 1 8 3.03971e+08 1.42537e+08
28 18 336 1 2 1 8 3.03971e+08 1.42537e+08
29 18 336 1 2 1 8 3.03971e+08 1.42537e+08
30 18 336 1 1 1 8 3.03971e+08 1.42537e+08
31 18 336 1 1 1 8 3.03971e+08 1.42537e+08
32 18 336 1 1 1 8 3.03971e+08 1.42537e+08
33 18 336 1 1 1 8 3.03971e+08 1.42537e+08
34 18 336 1 1 1 8 3.03971e+08 1.42537e+08
35 18 336 1 1 1 8 3.03971e+08 1.42537e+08
36 18 336 1 1 1 7 3.03971e+08 1.42537e+08
37 18 336 1 1 1 6 3.03971e+08 1.42537e+08
38 18 342 1 1 1 6 3.05066e+08 1.41452e+08
39 18 342 1 1 1 6 3.05066e+08 1.41452e+08
40 18 342 1 1 1 6 3.05066e+08 1.41452e+08
41 18 342 1 1 1 6 3.05066e+08 1.41452e+08
switch to ips xe 2018
42 20 348 1 2 1 6 3.09666e+08 1.55782e+08
43 20 348 1 2 2 6 3.09666e+08 1.55782e+08
44 20 348 1 2 1 6 3.09666e+08 1.55782e+08
45 20 348 1 2 1 6 3.09666e+08 1.55782e+08
46 20 354 2 2 1 6 3.13033e+08 1.55952e+08
47 20 354 2 2 1 6 3.13033e+08 1.55952e+08
48 20 354 2 2 1 6 3.13033e+08 1.55952e+08
49 20 354 2 2 2 6 3.13033e+08 1.55952e+08
50 20 354 2 2 2 6 3.13033e+08 1.55952e+08
51 20 354 2 2 2 6 3.13033e+08 1.55952e+08
52 20 354 2 2 2 5 3.13033e+08 1.55952e+08
53 20 354 2 1 1 4 3.13033e+08 1.55952e+08
54 20 354 1 2 1 4 3.13033e+08 1.55952e+08
55 20 354 1 2 1 8 3.13033e+08 1.55952e+08
56 20 354 1 2 1 7 3.13033e+08 1.55952e+08
57 20 354 1 2 1 6 3.13033e+08 1.55952e+08
58 20 354 1 2 1 6 3.13033e+08 1.55952e+08
59 20 354 1 2 1 6 3.13033e+08 1.55952e+08
60 20 354 1 1 1 6 3.13033e+08 1.55952e+08
61 20 354 1 1 1 6 3.13033e+08 1.55952e+08
62 20 354 1 1 1 6 3.13033e+08 1.55952e+08
63 20 354 1 1 1 5 3.13033e+08 1.55952e+08
64 20 354 1 1 1 5 3.13033e+08 1.55952e+08
65 20 354 1 1 1 5 3.13033e+08 1.55952e+08
66 20 354 1 1 1 5 3.13033e+08 1.55952e+08
67 20 354 1 1 1 5 3.13033e+08 1.55952e+08
68 20 354 1 1 1 5 3.13033e+08 1.55952e+08
69 20 354 1 1 1 5 3.13033e+08 1.55952e+08
70 20 354 1 1 1 5 3.13033e+08 1.55952e+08
71 20 354 1 1 1 5 3.13033e+08 1.55952e+08
72 20 354 1 1 1 5 3.13033e+08 1.55952e+08
