3 20 16 1 1 6 6 1.14155e+08 3.49003e+07
4 20 16 1 1 6 6 1.11281e+08 3.82637e+07
5 18 16 2 1 6 6 1.10189e+08 4.6179e+07
6 18 16 1 1 6 6 1.10189e+08 4.6179e+07
7 18 16 1 1 5 6 1.10189e+08 4.6179e+07
8 18 16 1 1 4 6 1.10189e+08 4.6179e+07
9 16 22 2 1 5 6 2.57943e+08 8.26073e+07
10 16 28 2 2 5 6 2.54738e+08 9.02787e+07
11 16 34 2 2 5 6 2.49203e+08 9.09757e+07
12 18 40 1 2 5 6 2.76999e+08 1.29786e+08
13 18 46 1 1 5 6 2.91049e+08 1.30638e+08
14 18 53 1 1 5 7 2.9822e+08 1.3363e+08
15 18 53 2 1 5 7 2.9822e+08 1.3363e+08
16 18 60 1 1 5 7 2.82198e+08 1.44733e+08
17 18 60 1 1 4 6 2.82198e+08 1.44733e+08
18 18 60 1 1 3 5 2.82198e+08 1.44733e+08
19 18 60 1 1 2 5 2.82198e+08 1.44733e+08
20 18 60 1 1 2 5 2.82198e+08 1.44733e+08
21 19 65 1 1 2 5 3.07565e+08 1.48446e+08
22 19 65 1 1 2 6 3.07565e+08 1.48446e+08
23 19 71 1 1 2 6 3.03444e+08 1.51204e+08
24 19 71 1 1 1 6 3.03444e+08 1.51204e+08
25 19 71 1 1 1 5 3.03444e+08 1.51204e+08
26 19 76 1 1 1 5 3.03086e+08 1.54316e+08
27 19 76 1 1 1 5 3.03086e+08 1.54316e+08
28 19 81 1 1 1 5 2.87992e+08 1.55592e+08
29 19 81 1 1 1 4 2.87992e+08 1.55592e+08
30 19 81 1 1 1 3 2.87992e+08 1.55592e+08
31 19 81 1 1 1 3 2.87992e+08 1.55592e+08
32 19 81 1 1 1 2 2.87992e+08 1.55592e+08
33 19 81 1 1 1 2 2.87992e+08 1.55592e+08
34 19 81 1 1 1 2 2.87992e+08 1.55592e+08
35 19 81 1 1 1 3 2.87992e+08 1.55592e+08
36 19 81 1 1 1 2 2.87992e+08 1.55592e+08
37 19 81 1 1 1 2 2.87992e+08 1.55592e+08
38 19 81 1 1 1 3 2.87992e+08 1.55592e+08
39 19 81 1 1 1 3 2.87992e+08 1.55592e+08
40 19 81 1 1 1 3 2.87992e+08 1.55592e+08
41 19 81 1 1 1 3 2.87992e+08 1.55592e+08
42 19 81 1 1 1 3 2.87992e+08 1.55592e+08
43 19 81 1 1 1 3 2.87992e+08 1.55592e+08
44 19 81 1 1 1 2 2.87992e+08 1.55592e+08
45 19 81 1 1 1 2 2.87992e+08 1.55592e+08
46 19 81 1 1 1 2 2.87992e+08 1.55592e+08
47 19 81 1 1 1 3 2.87992e+08 1.55592e+08
48 19 81 1 1 1 3 2.87992e+08 1.55592e+08
49 19 81 1 1 1 3 2.87992e+08 1.55592e+08
50 19 81 1 1 1 3 2.87992e+08 1.55592e+08
51 19 81 1 1 1 3 2.87992e+08 1.55592e+08
52 19 81 1 1 1 3 2.87992e+08 1.55592e+08
53 19 84 1 1 1 3 3.02597e+08 1.56327e+08
54 19 84 1 1 1 3 3.02597e+08 1.56327e+08
55 19 84 1 1 1 3 3.02597e+08 1.56327e+08
56 19 84 1 1 1 3 3.02597e+08 1.56327e+08
57 19 84 1 1 1 3 3.02597e+08 1.56327e+08
58 19 84 1 1 1 3 3.02597e+08 1.56327e+08
59 19 84 1 1 1 3 3.02597e+08 1.56327e+08
60 19 84 1 1 1 3 3.02597e+08 1.56327e+08
61 19 84 1 1 1 3 3.02597e+08 1.56327e+08
62 19 84 1 1 1 2 3.02597e+08 1.56327e+08
63 19 84 1 1 1 2 3.02597e+08 1.56327e+08
64 19 84 1 1 1 2 3.02597e+08 1.56327e+08
65 19 84 1 1 1 2 3.02597e+08 1.56327e+08
66 19 84 1 1 1 2 3.02597e+08 1.56327e+08
67 18 84 1 1 2 2 2.8718e+08 1.45357e+08
68 18 84 1 1 3 2 2.88237e+08 1.45714e+08
69 18 84 1 1 3 2 2.8203e+08 1.44719e+08
70 18 84 1 1 4 2 2.86217e+08 1.45444e+08
71 19 84 1 1 4 2 2.87826e+08 1.53645e+08
72 18 84 1 1 4 2 2.96348e+08 1.4642e+08
73 19 84 1 1 4 1 3.07897e+08 1.54777e+08
74 19 84 1 1 4 1 2.95537e+08 1.55385e+08
75 19 84 1 1 4 1 3.01542e+08 1.55012e+08
76 19 84 1 1 4 1 3.06069e+08 1.53583e+08
77 19 84 1 1 4 1 3.06084e+08 1.54805e+08
78 19 84 1 1 4 1 3.05714e+08 1.54061e+08
79 19 84 1 1 4 2 3.07201e+08 1.54421e+08
80 19 84 1 1 4 1 2.99245e+08 1.53543e+08
81 19 84 1 1 4 2 2.9044e+08 1.5387e+08
82 19 84 1 1 4 2 3.06502e+08 1.5524e+08
83 19 84 1 1 4 2 2.95947e+08 1.54435e+08
84 19 84 1 1 3 2 3.07482e+08 1.53922e+08
85 19 84 1 1 3 2 3.04039e+08 1.53699e+08
86 20 84 1 1 3 3 3.04228e+08 1.36125e+08
87 18 84 2 1 3 3 2.82536e+08 1.48069e+08
88 16 84 2 1 3 3 2.68369e+08 1.18914e+08
89 14 84 2 1 3 3 2.15993e+08 8.013e+07
90 14 84 1 1 3 2 2.22349e+08 7.89061e+07
91 14 84 1 1 3 2 2.07893e+08 7.84605e+07
92 14 84 1 1 3 2 2.11012e+08 7.77547e+07
93 15 84 1 1 3 3 2.35316e+08 1.05804e+08
94 15 84 1 1 3 3 2.39349e+08 1.0669e+08
95 15 84 1 1 3 3 2.56422e+08 1.04414e+08
96 16 88 1 1 3 4 2.51599e+08 1.19566e+08
97 18 92 1 2 3 4 2.94177e+08 1.43663e+08
98 20 96 1 2 3 4 2.94791e+08 1.25577e+08
99 22 100 1 2 3 4 2.91942e+08 1.0206e+08
100 22 104 1 1 2 4 2.96909e+08 1.06105e+08
101 21 108 1 1 2 4 3.01653e+08 1.1097e+08
102 21 108 1 1 2 3 3.01653e+08 1.1097e+08
103 21 108 1 1 2 3 3.01653e+08 1.1097e+08
104 21 108 1 1 2 3 3.01653e+08 1.1097e+08
105 21 108 1 1 2 3 3.01653e+08 1.1097e+08
106 21 108 1 1 1 3 3.01653e+08 1.1097e+08
107 20 111 1 1 1 3 2.89009e+08 1.14318e+08
108 18 114 2 1 1 3 2.87615e+08 1.41151e+08
109 18 118 1 1 1 4 2.83391e+08 1.44057e+08
110 18 118 1 1 1 4 2.83391e+08 1.44057e+08
111 18 118 1 1 1 4 2.83391e+08 1.44057e+08
112 17 121 1 1 1 3 2.63965e+08 1.45284e+08
113 17 121 1 1 1 4 2.63965e+08 1.45284e+08
114 17 125 1 1 1 4 2.78364e+08 1.5083e+08
115 17 125 1 1 1 4 2.78364e+08 1.5083e+08
116 17 125 1 1 1 4 2.78364e+08 1.5083e+08
117 17 125 1 1 1 3 2.78364e+08 1.5083e+08
118 17 125 1 1 1 3 2.78364e+08 1.5083e+08
119 17 125 1 1 1 3 2.78364e+08 1.5083e+08
120 17 125 1 1 1 3 2.78364e+08 1.5083e+08
121 17 125 1 1 1 3 2.78364e+08 1.5083e+08
122 17 125 1 1 1 2 2.78364e+08 1.5083e+08
123 17 125 1 1 1 2 2.78364e+08 1.5083e+08
124 17 125 1 1 1 2 2.78364e+08 1.5083e+08
125 17 125 1 1 1 2 2.78364e+08 1.5083e+08
126 17 125 1 1 1 2 2.78364e+08 1.5083e+08
127 17 125 1 1 1 2 2.78364e+08 1.5083e+08
128 17 127 1 1 1 2 2.78683e+08 1.5123e+08
129 17 127 1 1 1 2 2.78683e+08 1.5123e+08
130 17 129 1 1 1 2 2.7813e+08 1.51232e+08
131 17 129 1 1 1 2 2.7813e+08 1.51232e+08
132 17 129 1 1 1 2 2.7813e+08 1.51232e+08
133 17 129 1 1 1 2 2.7813e+08 1.51232e+08
134 17 129 1 1 1 3 2.7813e+08 1.51232e+08
135 17 129 1 1 1 3 2.7813e+08 1.51232e+08
136 17 129 1 1 1 3 2.7813e+08 1.51232e+08
137 17 129 1 1 1 3 2.7813e+08 1.51232e+08
138 17 129 1 1 1 2 2.7813e+08 1.51232e+08
139 17 129 1 1 1 1 2.79653e+08 1.5134e+08
140 17 129 1 1 1 1 2.79653e+08 1.5134e+08
141 17 129 1 1 1 1 2.79653e+08 1.5134e+08
142 17 129 1 1 1 1 2.79653e+08 1.5134e+08
143 17 129 1 1 1 1 2.79653e+08 1.5134e+08
switch to ips xe 2018
144 17 129 1 1 1 1 2.90096e+08 1.52379e+08
145 17 129 1 1 1 1 2.9087e+08 1.53632e+08
146 17 130 1 1 1 1 2.9053e+08 1.54543e+08
147 17 130 1 1 1 1 2.9053e+08 1.54543e+08
148 17 130 1 1 1 1 2.9053e+08 1.54543e+08
149 17 130 1 1 1 1 2.9053e+08 1.54543e+08
150 17 130 1 1 1 1 2.9053e+08 1.54543e+08
151 17 130 1 1 1 1 2.9053e+08 1.54543e+08
152 17 130 1 1 1 1 2.9053e+08 1.54543e+08
153 17 130 1 1 1 1 2.9053e+08 1.54543e+08
Give a big push to eliminate pausing caused by previous average miscalculation
154 17 130 1 1 1 32 2.9053e+08 1.54543e+08
155 17 162 1 1 1 32 2.90226e+08 1.57103e+08
156 17 194 1 1 1 32 2.90368e+08 1.61409e+08
157 17 194 1 1 1 32 2.90368e+08 1.61409e+08
158 17 194 1 1 1 32 2.90368e+08 1.61409e+08
159 17 194 1 1 1 32 2.90368e+08 1.61409e+08
160 17 194 1 1 1 32 2.90368e+08 1.61409e+08
161 17 194 1 1 1 32 2.90368e+08 1.61409e+08
162 17 194 1 1 1 32 2.90368e+08 1.61409e+08
163 17 194 1 1 1 32 2.90368e+08 1.61409e+08
164 17 194 1 1 1 32 2.90368e+08 1.61409e+08
165 17 194 1 1 1 32 2.90368e+08 1.61409e+08
166 17 194 1 1 1 32 2.90368e+08 1.61409e+08
167 17 194 1 1 1 31 2.90368e+08 1.61409e+08
168 17 194 1 1 1 30 2.90368e+08 1.61409e+08
169 17 194 1 1 1 29 2.90368e+08 1.61409e+08
170 17 194 1 1 1 29 2.90368e+08 1.61409e+08
171 17 194 1 1 1 28 2.90368e+08 1.61409e+08
172 17 194 1 1 1 28 2.90368e+08 1.61409e+08
173 17 194 1 1 1 28 2.90368e+08 1.61409e+08
174 17 194 1 1 1 28 2.90368e+08 1.61409e+08
175 17 194 1 1 1 28 2.90368e+08 1.61409e+08
176 17 194 1 1 1 28 2.90368e+08 1.61409e+08
177 17 194 1 1 1 28 2.90368e+08 1.61409e+08
178 17 194 1 1 1 27 2.90368e+08 1.61409e+08
179 17 194 1 1 1 27 2.90368e+08 1.61409e+08
180 17 194 1 1 1 27 2.90368e+08 1.61409e+08
181 17 194 1 1 1 27 2.90368e+08 1.61409e+08
182 17 194 1 1 1 26 2.90368e+08 1.61409e+08
183 17 194 1 1 1 25 2.90368e+08 1.61409e+08
184 17 194 1 1 1 25 2.90368e+08 1.61409e+08
185 17 194 1 1 1 25 2.90368e+08 1.61409e+08
186 17 194 1 1 1 25 2.90368e+08 1.61409e+08
187 17 194 1 1 1 24 2.90368e+08 1.61409e+08
188 17 194 1 1 1 24 2.90368e+08 1.61409e+08
189 17 194 1 1 1 24 2.90368e+08 1.61409e+08
190 17 194 1 1 1 24 2.90368e+08 1.61409e+08
191 17 194 1 1 1 24 2.90368e+08 1.61409e+08
192 17 194 1 1 1 24 2.90368e+08 1.61409e+08
193 17 194 1 1 1 24 2.90368e+08 1.61409e+08
194 17 194 1 1 1 24 2.90368e+08 1.61409e+08
195 17 194 1 1 1 24 2.90368e+08 1.61409e+08
196 17 194 1 1 1 23 2.90368e+08 1.61409e+08
197 17 194 1 1 1 23 2.90368e+08 1.61409e+08
198 17 194 1 1 1 23 2.90368e+08 1.61409e+08
199 17 194 1 1 1 23 2.90368e+08 1.61409e+08
200 17 194 1 1 1 23 2.90368e+08 1.61409e+08
201 17 194 1 1 1 23 2.90368e+08 1.61409e+08
202 17 194 1 1 1 22 2.90368e+08 1.61409e+08
203 17 194 1 1 1 22 2.90368e+08 1.61409e+08
204 17 194 1 1 1 22 2.90368e+08 1.61409e+08
205 17 194 1 1 1 21 2.90368e+08 1.61409e+08
206 17 194 1 1 1 21 2.90368e+08 1.61409e+08
207 17 215 1 1 1 21 2.90314e+08 1.61629e+08
208 17 215 1 1 1 21 2.90314e+08 1.61629e+08
209 17 215 1 1 1 42 2.90314e+08 1.61629e+08
210 17 215 1 1 1 42 2.90314e+08 1.61629e+08
211 17 215 1 1 1 42 2.90314e+08 1.61629e+08
212 17 215 1 1 1 41 2.90314e+08 1.61629e+08
213 17 215 1 1 2 40 2.90314e+08 1.61629e+08
214 17 215 1 1 2 40 2.90314e+08 1.61629e+08
215 17 215 1 1 3 40 2.90314e+08 1.61629e+08
216 17 215 1 1 3 40 2.90314e+08 1.61629e+08
217 17 215 1 1 3 39 2.90314e+08 1.61629e+08
218 17 215 1 1 3 39 2.90314e+08 1.61629e+08
219 17 215 1 1 3 39 2.90314e+08 1.61629e+08
220 17 215 1 1 3 39 2.90314e+08 1.61629e+08
221 17 215 1 1 3 39 2.90314e+08 1.61629e+08
222 17 215 1 1 3 39 2.90314e+08 1.61629e+08
223 17 215 1 1 4 38 2.90314e+08 1.61629e+08
224 17 215 1 1 3 37 2.90314e+08 1.61629e+08
225 17 215 1 1 3 37 2.90314e+08 1.61629e+08
226 17 215 1 1 3 37 2.90314e+08 1.61629e+08
227 17 215 1 1 3 36 2.90314e+08 1.61629e+08
228 17 251 1 1 3 36 2.90845e+08 1.6373e+08
229 17 251 1 1 3 36 2.90845e+08 1.6373e+08
230 17 251 1 1 3 36 2.90845e+08 1.6373e+08
231 17 251 1 1 3 36 2.90845e+08 1.6373e+08
232 17 251 1 1 3 35 2.90845e+08 1.6373e+08
233 17 251 1 1 3 35 2.90845e+08 1.6373e+08
234 17 251 1 1 3 35 2.90845e+08 1.6373e+08
235 17 251 1 1 3 35 2.90845e+08 1.6373e+08
236 17 251 1 1 3 34 2.90845e+08 1.6373e+08
237 17 251 1 1 3 34 2.90845e+08 1.6373e+08
238 17 251 1 1 3 34 2.90845e+08 1.6373e+08
239 17 251 1 1 3 34 2.90845e+08 1.6373e+08
240 17 251 1 1 3 34 2.90845e+08 1.6373e+08
241 17 251 1 1 3 34 2.90845e+08 1.6373e+08
242 17 251 1 1 3 34 2.90845e+08 1.6373e+08
243 17 251 1 1 2 34 2.90845e+08 1.6373e+08
244 17 251 1 1 2 33 2.90845e+08 1.6373e+08
245 17 251 1 1 1 33 2.90845e+08 1.6373e+08
246 17 251 1 1 1 33 2.90845e+08 1.6373e+08
247 17 251 1 1 1 33 2.90845e+08 1.6373e+08
248 17 251 1 1 1 33 2.90845e+08 1.6373e+08
249 17 251 1 1 1 33 2.90845e+08 1.6373e+08
250 17 251 1 1 1 33 2.90845e+08 1.6373e+08
251 17 251 1 1 1 33 2.90845e+08 1.6373e+08
252 17 251 1 1 1 33 2.90845e+08 1.6373e+08
253 17 251 1 1 1 33 2.90845e+08 1.6373e+08
254 17 251 1 1 1 32 2.90845e+08 1.6373e+08
255 17 251 1 1 1 32 2.90845e+08 1.6373e+08
256 17 251 1 1 1 32 2.90845e+08 1.6373e+08
257 17 251 1 1 1 31 2.90845e+08 1.6373e+08
258 17 251 1 1 1 31 2.90845e+08 1.6373e+08
259 17 251 1 1 1 30 2.90845e+08 1.6373e+08
260 17 251 1 1 1 29 2.90845e+08 1.6373e+08
261 17 251 1 1 1 29 2.90845e+08 1.6373e+08
262 17 251 1 1 1 29 2.90845e+08 1.6373e+08
263 17 251 1 1 1 29 2.90845e+08 1.6373e+08
264 17 251 1 1 1 28 2.90845e+08 1.6373e+08
265 17 251 1 1 1 27 2.90845e+08 1.6373e+08
266 17 251 1 1 1 27 2.90845e+08 1.6373e+08
267 17 251 1 1 1 27 2.90845e+08 1.6373e+08
268 17 251 1 1 1 27 2.90845e+08 1.6373e+08
269 17 251 1 1 1 27 2.90845e+08 1.6373e+08
270 17 251 1 1 1 27 2.90845e+08 1.6373e+08
271 17 251 1 1 1 26 2.90845e+08 1.6373e+08
272 17 251 1 1 1 25 2.90845e+08 1.6373e+08
273 17 251 1 1 1 25 2.90845e+08 1.6373e+08
274 17 251 1 1 1 25 2.90845e+08 1.6373e+08
275 17 251 1 1 1 25 2.90845e+08 1.6373e+08
276 17 251 1 1 1 25 2.90845e+08 1.6373e+08
277 17 251 1 1 1 24 2.90845e+08 1.6373e+08
278 17 251 1 1 1 24 2.90845e+08 1.6373e+08
